Generating predictions:   0%|          | 0/133 [00:00<?, ?it/s]Generating predictions:   1%|          | 1/133 [00:02<05:27,  2.48s/it]Generating predictions:   2%|▏         | 2/133 [00:02<02:33,  1.17s/it]Generating predictions:   2%|▏         | 3/133 [00:02<01:37,  1.33it/s]Generating predictions:   3%|▎         | 4/133 [00:03<01:10,  1.82it/s]Generating predictions:   4%|▍         | 5/133 [00:03<00:55,  2.29it/s]Generating predictions:   5%|▍         | 6/133 [00:03<00:46,  2.72it/s]Generating predictions:   5%|▌         | 7/133 [00:03<00:41,  3.04it/s]Generating predictions:   6%|▌         | 8/133 [00:04<00:37,  3.34it/s]Generating predictions:   7%|▋         | 9/133 [00:04<00:34,  3.57it/s]Generating predictions:   8%|▊         | 10/133 [00:04<00:33,  3.70it/s]Generating predictions:   8%|▊         | 11/133 [00:04<00:32,  3.79it/s]Generating predictions:   9%|▉         | 12/133 [00:05<00:31,  3.81it/s]Generating predictions:  10%|▉         | 13/133 [00:05<00:30,  3.87it/s]Generating predictions:  11%|█         | 14/133 [00:05<00:30,  3.92it/s]Generating predictions:  11%|█▏        | 15/133 [00:05<00:29,  3.96it/s]Generating predictions:  12%|█▏        | 16/133 [00:06<00:29,  4.03it/s]Generating predictions:  13%|█▎        | 17/133 [00:06<00:28,  4.04it/s]Generating predictions:  14%|█▎        | 18/133 [00:06<00:30,  3.75it/s]Generating predictions:  14%|█▍        | 19/133 [00:06<00:30,  3.72it/s]Generating predictions:  15%|█▌        | 20/133 [00:07<00:29,  3.87it/s]Generating predictions:  16%|█▌        | 21/133 [00:07<00:27,  4.04it/s]Generating predictions:  17%|█▋        | 22/133 [00:07<00:27,  3.97it/s]Generating predictions:  17%|█▋        | 23/133 [00:07<00:28,  3.93it/s]Generating predictions:  18%|█▊        | 24/133 [00:08<00:27,  3.96it/s]Generating predictions:  19%|█▉        | 25/133 [00:08<00:28,  3.80it/s]Generating predictions:  20%|█▉        | 26/133 [00:08<00:27,  3.93it/s]Generating predictions:  20%|██        | 27/133 [00:08<00:27,  3.90it/s]Generating predictions:  21%|██        | 28/133 [00:09<00:26,  3.94it/s]Generating predictions:  22%|██▏       | 29/133 [00:09<00:26,  3.97it/s]Generating predictions:  23%|██▎       | 30/133 [00:09<00:25,  3.99it/s]Generating predictions:  23%|██▎       | 31/133 [00:09<00:25,  4.00it/s]Generating predictions:  24%|██▍       | 32/133 [00:10<00:25,  3.95it/s]Generating predictions:  25%|██▍       | 33/133 [00:10<00:24,  4.04it/s]Generating predictions:  26%|██▌       | 34/133 [00:10<00:24,  3.98it/s]Generating predictions:  26%|██▋       | 35/133 [00:10<00:24,  3.99it/s]Generating predictions:  27%|██▋       | 36/133 [00:11<00:24,  4.01it/s]Generating predictions:  28%|██▊       | 37/133 [00:11<00:24,  3.96it/s]Generating predictions:  29%|██▊       | 38/133 [00:11<00:23,  3.98it/s]Generating predictions:  29%|██▉       | 39/133 [00:12<00:23,  3.98it/s]Generating predictions:  30%|███       | 40/133 [00:12<00:23,  3.88it/s]Generating predictions:  31%|███       | 41/133 [00:12<00:23,  3.92it/s]Generating predictions:  32%|███▏      | 42/133 [00:12<00:22,  4.01it/s]Generating predictions:  32%|███▏      | 43/133 [00:13<00:22,  4.02it/s]Generating predictions:  33%|███▎      | 44/133 [00:13<00:22,  3.91it/s]Generating predictions:  34%|███▍      | 45/133 [00:13<00:22,  4.00it/s]Generating predictions:  35%|███▍      | 46/133 [00:13<00:21,  4.00it/s]Generating predictions:  35%|███▌      | 47/133 [00:14<00:21,  4.01it/s]Generating predictions:  36%|███▌      | 48/133 [00:14<00:21,  4.02it/s]Generating predictions:  37%|███▋      | 49/133 [00:14<00:21,  3.97it/s]Generating predictions:  38%|███▊      | 50/133 [00:14<00:20,  3.98it/s]Generating predictions:  38%|███▊      | 51/133 [00:15<00:20,  4.00it/s]Generating predictions:  39%|███▉      | 52/133 [00:15<00:20,  4.01it/s]Generating predictions:  40%|███▉      | 53/133 [00:15<00:19,  4.02it/s]Generating predictions:  41%|████      | 54/133 [00:15<00:19,  3.96it/s]Generating predictions:  41%|████▏     | 55/133 [00:16<00:19,  3.98it/s]Generating predictions:  42%|████▏     | 56/133 [00:16<00:19,  3.94it/s]Generating predictions:  43%|████▎     | 57/133 [00:16<00:20,  3.80it/s]Generating predictions:  44%|████▎     | 58/133 [00:16<00:19,  3.81it/s]Generating predictions:  44%|████▍     | 59/133 [00:17<00:19,  3.87it/s]Generating predictions:  45%|████▌     | 60/133 [00:17<00:18,  3.98it/s]Generating predictions:  46%|████▌     | 61/133 [00:17<00:18,  3.99it/s]Generating predictions:  47%|████▋     | 62/133 [00:17<00:17,  3.95it/s]Generating predictions:  47%|████▋     | 63/133 [00:18<00:17,  3.98it/s]Generating predictions:  48%|████▊     | 64/133 [00:18<00:16,  4.12it/s]Generating predictions:  49%|████▉     | 65/133 [00:18<00:16,  4.11it/s]Generating predictions:  50%|████▉     | 66/133 [00:18<00:16,  3.96it/s]Generating predictions:  50%|█████     | 67/133 [00:19<00:16,  4.04it/s]Generating predictions:  51%|█████     | 68/133 [00:19<00:15,  4.10it/s]Generating predictions:  52%|█████▏    | 69/133 [00:19<00:16,  3.90it/s]Generating predictions:  53%|█████▎    | 70/133 [00:19<00:16,  3.94it/s]Generating predictions:  53%|█████▎    | 71/133 [00:20<00:15,  3.90it/s]Generating predictions:  54%|█████▍    | 72/133 [00:20<00:15,  4.00it/s]Generating predictions:  55%|█████▍    | 73/133 [00:20<00:14,  4.02it/s]Generating predictions:  56%|█████▌    | 74/133 [00:20<00:14,  3.97it/s]Generating predictions:  56%|█████▋    | 75/133 [00:21<00:14,  3.93it/s]Generating predictions:  57%|█████▋    | 76/133 [00:21<00:14,  3.96it/s]Generating predictions:  58%|█████▊    | 77/133 [00:21<00:14,  3.98it/s]Generating predictions:  59%|█████▊    | 78/133 [00:21<00:13,  4.00it/s]Generating predictions:  59%|█████▉    | 79/133 [00:22<00:13,  4.01it/s]Generating predictions:  60%|██████    | 80/133 [00:22<00:13,  4.02it/s]Generating predictions:  61%|██████    | 81/133 [00:22<00:13,  3.96it/s]Generating predictions:  62%|██████▏   | 82/133 [00:22<00:12,  4.04it/s]Generating predictions:  62%|██████▏   | 83/133 [00:23<00:12,  3.98it/s]Generating predictions:  63%|██████▎   | 84/133 [00:23<00:12,  3.88it/s]Generating predictions:  64%|██████▍   | 85/133 [00:23<00:12,  3.98it/s]Generating predictions:  65%|██████▍   | 86/133 [00:23<00:11,  4.00it/s]Generating predictions:  65%|██████▌   | 87/133 [00:24<00:11,  3.95it/s]Generating predictions:  66%|██████▌   | 88/133 [00:24<00:11,  4.03it/s]Generating predictions:  67%|██████▋   | 89/133 [00:24<00:10,  4.08it/s]Generating predictions:  68%|██████▊   | 90/133 [00:24<00:10,  4.01it/s]Generating predictions:  68%|██████▊   | 91/133 [00:25<00:10,  3.89it/s]Generating predictions:  69%|██████▉   | 92/133 [00:25<00:10,  3.94it/s]Generating predictions:  70%|██████▉   | 93/133 [00:25<00:10,  3.85it/s]Generating predictions:  71%|███████   | 94/133 [00:25<00:09,  3.96it/s]Generating predictions:  71%|███████▏  | 95/133 [00:26<00:09,  3.98it/s]Generating predictions:  72%|███████▏  | 96/133 [00:26<00:09,  3.93it/s]Generating predictions:  73%|███████▎  | 97/133 [00:26<00:08,  4.02it/s]Generating predictions:  74%|███████▎  | 98/133 [00:26<00:08,  4.03it/s]Generating predictions:  74%|███████▍  | 99/133 [00:27<00:08,  4.16it/s]Generating predictions:  75%|███████▌  | 100/133 [00:27<00:07,  4.18it/s]Generating predictions:  76%|███████▌  | 101/133 [00:27<00:07,  4.14it/s]Generating predictions:  77%|███████▋  | 102/133 [00:27<00:07,  4.11it/s]Generating predictions:  77%|███████▋  | 103/133 [00:28<00:07,  4.09it/s]Generating predictions:  78%|███████▊  | 104/133 [00:28<00:07,  3.95it/s]Generating predictions:  79%|███████▉  | 105/133 [00:28<00:06,  4.04it/s]Generating predictions:  80%|███████▉  | 106/133 [00:28<00:06,  3.98it/s]Generating predictions:  80%|████████  | 107/133 [00:29<00:06,  4.06it/s]Generating predictions:  81%|████████  | 108/133 [00:29<00:06,  4.06it/s]Generating predictions:  82%|████████▏ | 109/133 [00:29<00:06,  3.99it/s]Generating predictions:  83%|████████▎ | 110/133 [00:29<00:05,  3.95it/s]Generating predictions:  83%|████████▎ | 111/133 [00:30<00:05,  3.97it/s]Generating predictions:  84%|████████▍ | 112/133 [00:30<00:05,  3.99it/s]Generating predictions:  85%|████████▍ | 113/133 [00:30<00:04,  4.01it/s]Generating predictions:  86%|████████▌ | 114/133 [00:30<00:04,  4.02it/s]Generating predictions:  86%|████████▋ | 115/133 [00:31<00:04,  4.02it/s]Generating predictions:  87%|████████▋ | 116/133 [00:31<00:04,  4.08it/s]Generating predictions:  88%|████████▊ | 117/133 [00:31<00:03,  4.12it/s]Generating predictions:  89%|████████▊ | 118/133 [00:31<00:03,  3.97it/s]Generating predictions:  89%|████████▉ | 119/133 [00:32<00:03,  3.98it/s]Generating predictions:  90%|█████████ | 120/133 [00:32<00:03,  4.00it/s]Generating predictions:  91%|█████████ | 121/133 [00:32<00:02,  4.07it/s]Generating predictions:  92%|█████████▏| 122/133 [00:32<00:02,  4.05it/s]Generating predictions:  92%|█████████▏| 123/133 [00:33<00:02,  3.87it/s]Generating predictions:  93%|█████████▎| 124/133 [00:33<00:02,  3.92it/s]Generating predictions:  94%|█████████▍| 125/133 [00:33<00:02,  3.95it/s]Generating predictions:  95%|█████████▍| 126/133 [00:33<00:01,  4.01it/s]Generating predictions:  95%|█████████▌| 127/133 [00:34<00:01,  4.01it/s]Generating predictions:  96%|█████████▌| 128/133 [00:34<00:01,  4.08it/s]Generating predictions:  97%|█████████▋| 129/133 [00:34<00:00,  4.13it/s]Generating predictions:  98%|█████████▊| 130/133 [00:34<00:00,  4.03it/s]Generating predictions:  98%|█████████▊| 131/133 [00:35<00:00,  3.97it/s]Generating predictions:  99%|█████████▉| 132/133 [00:35<00:00,  3.87it/s]Generating predictions: 100%|██████████| 133/133 [00:35<00:00,  4.23it/s]Generating predictions: 100%|██████████| 133/133 [00:35<00:00,  3.75it/s]
regeneration check: 0it [00:00, ?it/s]regeneration check: 1061it [00:00, 67032.54it/s]
Generating embeddings:   0%|          | 0/772 [00:00<?, ?it/s]Generating embeddings:   0%|          | 1/772 [00:00<01:30,  8.52it/s]Generating embeddings:   5%|▌         | 42/772 [00:00<00:03, 227.96it/s]Generating embeddings:  11%|█         | 84/772 [00:00<00:02, 309.69it/s]Generating embeddings:  16%|█▌        | 123/772 [00:00<00:01, 339.85it/s]Generating embeddings:  21%|██▏       | 165/772 [00:00<00:01, 366.20it/s]Generating embeddings:  27%|██▋       | 207/772 [00:00<00:01, 382.01it/s]Generating embeddings:  32%|███▏      | 249/772 [00:00<00:01, 391.91it/s]Generating embeddings:  38%|███▊      | 291/772 [00:00<00:01, 398.66it/s]Generating embeddings:  43%|████▎     | 333/772 [00:00<00:01, 403.31it/s]Generating embeddings:  48%|████▊     | 374/772 [00:01<00:00, 399.63it/s]Generating embeddings:  54%|█████▍    | 415/772 [00:01<00:00, 398.23it/s]Generating embeddings:  59%|█████▉    | 456/772 [00:01<00:00, 400.24it/s]Generating embeddings:  64%|██████▍   | 497/772 [00:01<00:00, 401.77it/s]Generating embeddings:  70%|██████▉   | 538/772 [00:01<00:00, 402.21it/s]Generating embeddings:  75%|███████▌  | 579/772 [00:01<00:00, 400.17it/s]Generating embeddings:  80%|████████  | 620/772 [00:01<00:00, 396.18it/s]Generating embeddings:  85%|████████▌ | 660/772 [00:01<00:00, 381.79it/s]Generating embeddings:  91%|█████████ | 699/772 [00:01<00:00, 383.63it/s]Generating embeddings:  96%|█████████▌| 738/772 [00:01<00:00, 385.29it/s]Generating embeddings: 100%|██████████| 772/772 [00:02<00:00, 374.37it/s]
Traceback (most recent call last):
  File "/n/home09/michaelzhao/Downloads/thesis/topic_taxonomy_expansion/clustering.py", line 277, in <module>
    main()
  File "/n/home09/michaelzhao/Downloads/thesis/topic_taxonomy_expansion/clustering.py", line 128, in main
    misc_embedding = tuple(embeddings["Misc."])
                           ~~~~~~~~~~^^^^^^^^^
KeyError: 'Misc.'
Processing taxonomy:   0%|          | 0/102 [00:00<?, ?it/s]Processing taxonomy:   0%|          | 0/102 [00:00<?, ?it/s]
Traceback (most recent call last):
  File "/n/home09/michaelzhao/Downloads/topicexpan/myenv/lib/python3.12/site-packages/pandas/core/indexes/range.py", line 413, in get_loc
    return self._range.index(new_key)
           ^^^^^^^^^^^^^^^^^^^^^^^^^^
ValueError: 5273 is not in range

The above exception was the direct cause of the following exception:

Traceback (most recent call last):
  File "/n/home09/michaelzhao/Downloads/thesis/topic_taxonomy_expansion/topic_generation_2.py", line 92, in <module>
    main()
  File "/n/home09/michaelzhao/Downloads/thesis/topic_taxonomy_expansion/topic_generation_2.py", line 50, in main
    doc_text = original_df.loc[doc_idx, "document"]
               ~~~~~~~~~~~~~~~^^^^^^^^^^^^^^^^^^^^^
  File "/n/home09/michaelzhao/Downloads/topicexpan/myenv/lib/python3.12/site-packages/pandas/core/indexing.py", line 1183, in __getitem__
    return self.obj._get_value(*key, takeable=self._takeable)
           ^^^^^^^^^^^^^^^^^^^^^^^^^^^^^^^^^^^^^^^^^^^^^^^^^^
  File "/n/home09/michaelzhao/Downloads/topicexpan/myenv/lib/python3.12/site-packages/pandas/core/frame.py", line 4221, in _get_value
    row = self.index.get_loc(index)
          ^^^^^^^^^^^^^^^^^^^^^^^^^
  File "/n/home09/michaelzhao/Downloads/topicexpan/myenv/lib/python3.12/site-packages/pandas/core/indexes/range.py", line 415, in get_loc
    raise KeyError(key) from err
KeyError: 5273
Generating embeddings:   0%|          | 0/3474 [00:00<?, ?it/s]Generating embeddings:   0%|          | 1/3474 [00:00<06:55,  8.35it/s]Generating embeddings:   1%|          | 41/3474 [00:00<00:15, 220.79it/s]Generating embeddings:   2%|▏         | 82/3474 [00:00<00:11, 301.51it/s]Generating embeddings:   4%|▎         | 123/3474 [00:00<00:09, 341.05it/s]Generating embeddings:   5%|▍         | 162/3474 [00:00<00:09, 355.76it/s]Generating embeddings:   6%|▌         | 203/3474 [00:00<00:08, 372.30it/s]Generating embeddings:   7%|▋         | 244/3474 [00:00<00:08, 382.94it/s]Generating embeddings:   8%|▊         | 285/3474 [00:00<00:08, 389.80it/s]Generating embeddings:   9%|▉         | 326/3474 [00:00<00:07, 394.24it/s]Generating embeddings:  11%|█         | 367/3474 [00:01<00:07, 397.35it/s]Generating embeddings:  12%|█▏        | 407/3474 [00:01<00:07, 398.05it/s]Generating embeddings:  13%|█▎        | 448/3474 [00:01<00:07, 399.61it/s]Generating embeddings:  14%|█▍        | 489/3474 [00:01<00:07, 400.60it/s]Generating embeddings:  15%|█▌        | 530/3474 [00:01<00:07, 401.11it/s]Generating embeddings:  16%|█▋        | 571/3474 [00:01<00:07, 401.98it/s]Generating embeddings:  18%|█▊        | 612/3474 [00:01<00:07, 402.19it/s]Generating embeddings:  19%|█▉        | 653/3474 [00:01<00:07, 402.60it/s]Generating embeddings:  20%|█▉        | 694/3474 [00:01<00:06, 402.37it/s]Generating embeddings:  21%|██        | 735/3474 [00:01<00:06, 402.42it/s]Generating embeddings:  22%|██▏       | 776/3474 [00:02<00:06, 402.79it/s]Generating embeddings:  24%|██▎       | 817/3474 [00:02<00:06, 402.70it/s]Generating embeddings:  25%|██▍       | 858/3474 [00:02<00:06, 402.83it/s]Generating embeddings:  26%|██▌       | 899/3474 [00:02<00:06, 403.10it/s]Generating embeddings:  27%|██▋       | 940/3474 [00:02<00:06, 403.27it/s]Generating embeddings:  28%|██▊       | 981/3474 [00:02<00:06, 403.14it/s]Generating embeddings:  29%|██▉       | 1022/3474 [00:02<00:06, 403.51it/s]Generating embeddings:  31%|███       | 1063/3474 [00:02<00:05, 403.64it/s]Generating embeddings:  32%|███▏      | 1104/3474 [00:02<00:05, 398.82it/s]Generating embeddings:  33%|███▎      | 1145/3474 [00:02<00:05, 400.04it/s]Generating embeddings:  34%|███▍      | 1186/3474 [00:03<00:05, 388.91it/s]Generating embeddings:  35%|███▌      | 1227/3474 [00:03<00:05, 392.85it/s]Generating embeddings:  36%|███▋      | 1268/3474 [00:03<00:05, 395.89it/s]Generating embeddings:  38%|███▊      | 1309/3474 [00:03<00:05, 398.06it/s]Generating embeddings:  39%|███▉      | 1350/3474 [00:03<00:05, 399.88it/s]Generating embeddings:  40%|████      | 1391/3474 [00:03<00:05, 400.97it/s]Generating embeddings:  41%|████      | 1432/3474 [00:03<00:05, 401.64it/s]Generating embeddings:  42%|████▏     | 1473/3474 [00:03<00:04, 402.05it/s]Generating embeddings:  44%|████▎     | 1514/3474 [00:03<00:04, 402.36it/s]Generating embeddings:  45%|████▍     | 1555/3474 [00:03<00:04, 402.29it/s]Generating embeddings:  46%|████▌     | 1596/3474 [00:04<00:04, 402.44it/s]Generating embeddings:  47%|████▋     | 1637/3474 [00:04<00:04, 402.20it/s]Generating embeddings:  48%|████▊     | 1678/3474 [00:04<00:04, 402.55it/s]Generating embeddings:  49%|████▉     | 1719/3474 [00:04<00:04, 402.89it/s]Generating embeddings:  51%|█████     | 1760/3474 [00:04<00:04, 403.24it/s]Generating embeddings:  52%|█████▏    | 1801/3474 [00:04<00:04, 399.29it/s]Generating embeddings:  53%|█████▎    | 1842/3474 [00:04<00:04, 400.46it/s]Generating embeddings:  54%|█████▍    | 1883/3474 [00:04<00:03, 401.08it/s]Generating embeddings:  55%|█████▌    | 1924/3474 [00:04<00:03, 401.83it/s]Generating embeddings:  57%|█████▋    | 1965/3474 [00:05<00:03, 402.34it/s]Generating embeddings:  58%|█████▊    | 2006/3474 [00:05<00:03, 402.78it/s]Generating embeddings:  59%|█████▉    | 2047/3474 [00:05<00:03, 402.88it/s]Generating embeddings:  60%|██████    | 2088/3474 [00:05<00:03, 402.86it/s]Generating embeddings:  61%|██████▏   | 2129/3474 [00:05<00:03, 402.75it/s]Generating embeddings:  62%|██████▏   | 2170/3474 [00:05<00:03, 402.89it/s]Generating embeddings:  64%|██████▎   | 2211/3474 [00:05<00:03, 402.98it/s]Generating embeddings:  65%|██████▍   | 2252/3474 [00:05<00:03, 403.11it/s]Generating embeddings:  66%|██████▌   | 2293/3474 [00:05<00:02, 403.12it/s]Generating embeddings:  67%|██████▋   | 2334/3474 [00:05<00:02, 403.02it/s]Generating embeddings:  68%|██████▊   | 2375/3474 [00:06<00:02, 402.88it/s]Generating embeddings:  70%|██████▉   | 2416/3474 [00:06<00:02, 402.71it/s]Generating embeddings:  71%|███████   | 2457/3474 [00:06<00:02, 402.65it/s]Generating embeddings:  72%|███████▏  | 2498/3474 [00:06<00:02, 399.97it/s]Generating embeddings:  73%|███████▎  | 2539/3474 [00:06<00:02, 400.67it/s]Generating embeddings:  74%|███████▍  | 2580/3474 [00:06<00:02, 401.24it/s]Generating embeddings:  75%|███████▌  | 2621/3474 [00:06<00:02, 401.88it/s]Generating embeddings:  77%|███████▋  | 2662/3474 [00:06<00:02, 402.12it/s]Generating embeddings:  78%|███████▊  | 2703/3474 [00:06<00:01, 402.34it/s]Generating embeddings:  79%|███████▉  | 2744/3474 [00:06<00:01, 402.48it/s]Generating embeddings:  80%|████████  | 2785/3474 [00:07<00:01, 403.21it/s]Generating embeddings:  81%|████████▏ | 2826/3474 [00:07<00:01, 403.58it/s]Generating embeddings:  83%|████████▎ | 2867/3474 [00:07<00:01, 403.40it/s]Generating embeddings:  84%|████████▎ | 2908/3474 [00:07<00:01, 403.54it/s]Generating embeddings:  85%|████████▍ | 2949/3474 [00:07<00:01, 403.54it/s]Generating embeddings:  86%|████████▌ | 2990/3474 [00:07<00:01, 403.47it/s]Generating embeddings:  87%|████████▋ | 3031/3474 [00:07<00:01, 403.26it/s]Generating embeddings:  88%|████████▊ | 3072/3474 [00:07<00:00, 403.41it/s]Generating embeddings:  90%|████████▉ | 3113/3474 [00:07<00:00, 403.62it/s]Generating embeddings:  91%|█████████ | 3154/3474 [00:07<00:00, 403.84it/s]Generating embeddings:  92%|█████████▏| 3195/3474 [00:08<00:00, 403.91it/s]Generating embeddings:  93%|█████████▎| 3236/3474 [00:08<00:00, 404.03it/s]Generating embeddings:  94%|█████████▍| 3277/3474 [00:08<00:00, 403.75it/s]Generating embeddings:  96%|█████████▌| 3318/3474 [00:08<00:00, 403.74it/s]Generating embeddings:  97%|█████████▋| 3359/3474 [00:08<00:00, 403.59it/s]Generating embeddings:  98%|█████████▊| 3400/3474 [00:08<00:00, 401.11it/s]Generating embeddings:  99%|█████████▉| 3441/3474 [00:08<00:00, 401.77it/s]Generating embeddings: 100%|██████████| 3474/3474 [00:08<00:00, 396.55it/s]
/n/home09/michaelzhao/Downloads/topicexpan/myenv/lib/python3.12/site-packages/umap/spectral.py:548: UserWarning: Spectral initialisation failed! The eigenvector solver
failed. This is likely due to too small an eigengap. Consider
adding some noise or jitter to your data.

Falling back to random initialisation!
  warn(
/n/home09/michaelzhao/Downloads/topicexpan/myenv/lib/python3.12/site-packages/umap/umap_.py:2462: UserWarning: n_neighbors is larger than the dataset size; truncating to X.shape[0] - 1
  warn(
/n/home09/michaelzhao/Downloads/topicexpan/myenv/lib/python3.12/site-packages/umap/umap_.py:2462: UserWarning: n_neighbors is larger than the dataset size; truncating to X.shape[0] - 1
  warn(
